<?xml version="1.0" encoding="UTF-8"?>
<!-- Generated by org.testng.reporters.JUnitXMLReporter -->
<testsuite ignored="0" hostname="ZSCHN01LP0391" failures="0" tests="4" name="Default test" time="6.585" errors="0" timestamp="2024-02-15T16:41:44 IST">
  <testcase classname="testScripts.ArticleTest" name="loginTest" time="0.758"/>
  <testcase classname="testScripts.ArticleTest" name="newArticle" time="1.265"/>
  <testcase classname="testScripts.ArticleTest" name="update_Article" time="1.205"/>
  <testcase classname="testScripts.ArticleTest" name="delete_Article" time="0.767"/>
</testsuite> <!-- Default test -->
