<?xml version="1.0" encoding="UTF-8"?>
<!-- Generated by org.testng.reporters.JUnitXMLReporter -->
<testsuite ignored="0" hostname="ZSCHN01LP0391" failures="0" tests="6" name="Default test" time="8.56" errors="0" timestamp="2024-02-16T12:35:53 IST">
  <testcase classname="testScripts.ArticleTest" name="InvalidloginTest" time="0.77"/>
  <testcase classname="testScripts.ArticleTest" name="validloginTest" time="0.864"/>
  <testcase classname="testScripts.ArticleTest" name="duplicateArticleTest" time="1.019"/>
  <testcase classname="testScripts.ArticleTest" name="newArticle" time="1.205"/>
  <testcase classname="testScripts.ArticleTest" name="update_Article" time="1.306"/>
  <testcase classname="testScripts.ArticleTest" name="delete_Article" time="0.73"/>
</testsuite> <!-- Default test -->
